[INFO] Scanning for projects...
[INFO] 
[INFO] -------------------< com.pgfinder:pg-finder-backend >-------------------
[INFO] Building PG Finder Backend 1.0.0
[INFO]   from pom.xml
[INFO] --------------------------------[ jar ]---------------------------------
[INFO] 
[INFO] >>> spring-boot:3.4.5:run (default-cli) > test-compile @ pg-finder-backend >>>
[INFO] 
[INFO] --- resources:3.3.1:resources (default-resources) @ pg-finder-backend ---
[INFO] Copying 3 resources from src/main/resources to target/classes
[INFO] Copying 0 resource from src/main/resources to target/classes
[INFO] 
[INFO] --- compiler:3.13.0:compile (default-compile) @ pg-finder-backend ---
[INFO] Nothing to compile - all classes are up to date.
[INFO] 
[INFO] --- resources:3.3.1:testResources (default-testResources) @ pg-finder-backend ---
[INFO] skip non existing resourceDirectory /home/bhaskar/Music/PG-finder/backend/src/test/resources
[INFO] 
[INFO] --- compiler:3.13.0:testCompile (default-testCompile) @ pg-finder-backend ---
[INFO] Nothing to compile - all classes are up to date.
[INFO] 
[INFO] <<< spring-boot:3.4.5:run (default-cli) < test-compile @ pg-finder-backend <<<
[INFO] 
[INFO] 
[INFO] --- spring-boot:3.4.5:run (default-cli) @ pg-finder-backend ---
[INFO] Attaching agents: []

  .   ____          _            __ _ _
 /\\ / ___'_ __ _ _(_)_ __  __ _ \ \ \ \
( ( )\___ | '_ | '_| | '_ \/ _` | \ \ \ \
 \\/  ___)| |_)| | | | | || (_| |  ) ) ) )
  '  |____| .__|_| |_|_| |_\__, | / / / /
 =========|_|==============|___/=/_/_/_/

 :: Spring Boot ::                (v3.4.5)

2026-07-06T22:14:59.145+05:30  INFO 219407 --- [pg-finder] [           main] com.pgfinder.PgFinderApplication         : Starting PgFinderApplication using Java 21.0.11 with PID 219407 (/home/bhaskar/Music/PG-finder/backend/target/classes started by bhaskar in /home/bhaskar/Music/PG-finder/backend)
2026-07-06T22:14:59.147+05:30 DEBUG 219407 --- [pg-finder] [           main] com.pgfinder.PgFinderApplication         : Running with Spring Boot v3.4.5, Spring v6.2.6
2026-07-06T22:14:59.147+05:30  INFO 219407 --- [pg-finder] [           main] com.pgfinder.PgFinderApplication         : The following 1 profile is active: "dev"
2026-07-06T22:15:00.143+05:30  INFO 219407 --- [pg-finder] [           main] .s.d.r.c.RepositoryConfigurationDelegate : Bootstrapping Spring Data JPA repositories in DEFAULT mode.
2026-07-06T22:15:00.262+05:30  INFO 219407 --- [pg-finder] [           main] .s.d.r.c.RepositoryConfigurationDelegate : Finished Spring Data repository scanning in 98 ms. Found 4 JPA repository interfaces.
2026-07-06T22:15:01.056+05:30  INFO 219407 --- [pg-finder] [           main] o.s.b.w.embedded.tomcat.TomcatWebServer  : Tomcat initialized with port 8080 (http)
2026-07-06T22:15:01.067+05:30  INFO 219407 --- [pg-finder] [           main] o.apache.catalina.core.StandardService   : Starting service [Tomcat]
2026-07-06T22:15:01.068+05:30  INFO 219407 --- [pg-finder] [           main] o.apache.catalina.core.StandardEngine    : Starting Servlet engine: [Apache Tomcat/10.1.40]
2026-07-06T22:15:01.112+05:30  INFO 219407 --- [pg-finder] [           main] o.a.c.c.C.[Tomcat].[localhost].[/]       : Initializing Spring embedded WebApplicationContext
2026-07-06T22:15:01.113+05:30  INFO 219407 --- [pg-finder] [           main] w.s.c.ServletWebServerApplicationContext : Root WebApplicationContext: initialization completed in 1825 ms
2026-07-06T22:15:01.443+05:30  INFO 219407 --- [pg-finder] [           main] o.hibernate.jpa.internal.util.LogHelper  : HHH000204: Processing PersistenceUnitInfo [name: default]
2026-07-06T22:15:01.478+05:30  INFO 219407 --- [pg-finder] [           main] org.hibernate.Version                    : HHH000412: Hibernate ORM core version 6.6.13.Final
2026-07-06T22:15:01.486+05:30  INFO 219407 --- [pg-finder] [           main] o.h.spatial.integration.SpatialService   : HHH80000001: hibernate-spatial integration enabled : true
2026-07-06T22:15:01.507+05:30  INFO 219407 --- [pg-finder] [           main] o.h.c.internal.RegionFactoryInitiator    : HHH000026: Second-level cache disabled
2026-07-06T22:15:01.577+05:30  WARN 219407 --- [pg-finder] [           main] org.hibernate.orm.deprecation            : HHH90000021: Encountered deprecated setting [hibernate.temp.use_jdbc_metadata_defaults], use [hibernate.boot.allow_jdbc_metadata_access] instead
2026-07-06T22:15:01.588+05:30  WARN 219407 --- [pg-finder] [           main] org.hibernate.orm.deprecation            : HHH90000025: PostgreSQLDialect does not need to be specified explicitly using 'hibernate.dialect' (remove the property setting and it will be selected by default)
2026-07-06T22:15:01.598+05:30  INFO 219407 --- [pg-finder] [           main] org.hibernate.orm.connections.pooling    : HHH10001005: Database info:
	Database JDBC URL [undefined/unknown]
	Database driver: undefined/unknown
	Database version: 12.0
	Autocommit mode: undefined/unknown
	Isolation level: <unknown>
	Minimum pool size: undefined/unknown
	Maximum pool size: undefined/unknown
2026-07-06T22:15:01.607+05:30  INFO 219407 --- [pg-finder] [           main] org.hibernate.spatial                    : HHH80000003: hibernate-spatial adding type contributions from : org.hibernate.spatial.dialect.postgis.PostgisDialectContributor
2026-07-06T22:15:01.734+05:30  INFO 219407 --- [pg-finder] [           main] o.s.o.j.p.SpringPersistenceUnitInfo      : No LoadTimeWeaver setup: ignoring JPA class transformer
2026-07-06T22:15:01.750+05:30  INFO 219407 --- [pg-finder] [           main] org.hibernate.spatial                    : HHH80000003: hibernate-spatial adding type contributions from : org.hibernate.spatial.dialect.postgis.PostgisDialectContributor
2026-07-06T22:15:01.992+05:30  INFO 219407 --- [pg-finder] [           main] org.hibernate.spatial                    : HHH80000004: hibernate-spatial adding function contributions from : org.hibernate.spatial.dialect.postgis.PostgisDialectContributor
2026-07-06T22:15:02.456+05:30  INFO 219407 --- [pg-finder] [           main] o.h.e.t.j.p.i.JtaPlatformInitiator       : HHH000489: No JTA platform available (set 'hibernate.transaction.jta.platform' to enable JTA platform integration)
2026-07-06T22:15:02.459+05:30  INFO 219407 --- [pg-finder] [           main] j.LocalContainerEntityManagerFactoryBean : Initialized JPA EntityManagerFactory for persistence unit 'default'
2026-07-06T22:15:03.086+05:30  INFO 219407 --- [pg-finder] [           main] o.s.d.j.r.query.QueryEnhancerFactory     : Hibernate is in classpath; If applicable, HQL parser will be used.
2026-07-06T22:15:04.056+05:30  WARN 219407 --- [pg-finder] [           main] JpaBaseConfiguration$JpaWebConfiguration : spring.jpa.open-in-view is enabled by default. Therefore, database queries may be performed during view rendering. Explicitly configure spring.jpa.open-in-view to disable this warning
2026-07-06T22:15:04.784+05:30  INFO 219407 --- [pg-finder] [           main] o.s.a.v.pgvector.PgVectorStore           : Using the vector table name: vector_store. Is empty: false
2026-07-06T22:15:04.786+05:30  INFO 219407 --- [pg-finder] [           main] o.s.a.v.pgvector.PgVectorStore           : Initializing PGVectorStore schema for table: vector_store in schema: public
2026-07-06T22:15:04.786+05:30  INFO 219407 --- [pg-finder] [           main] o.s.a.v.pgvector.PgVectorStore           : vectorTableValidationsEnabled false
2026-07-06T22:15:04.788+05:30  INFO 219407 --- [pg-finder] [           main] com.zaxxer.hikari.HikariDataSource       : HikariPool-1 - Starting...
2026-07-06T22:15:05.687+05:30  INFO 219407 --- [pg-finder] [           main] com.zaxxer.hikari.pool.HikariPool        : HikariPool-1 - Added connection org.postgresql.jdbc.PgConnection@506bc0f7
2026-07-06T22:15:05.689+05:30  INFO 219407 --- [pg-finder] [           main] com.zaxxer.hikari.HikariDataSource       : HikariPool-1 - Start completed.
2026-07-06T22:15:06.265+05:30  INFO 219407 --- [pg-finder] [           main] o.s.b.a.e.web.EndpointLinksResolver      : Exposing 1 endpoint beneath base path '/actuator'
2026-07-06T22:15:06.336+05:30  WARN 219407 --- [pg-finder] [           main] ConfigServletWebServerApplicationContext : Exception encountered during context initialization - cancelling refresh attempt: org.springframework.context.ApplicationContextException: Failed to start bean 'webServerStartStop'
2026-07-06T22:15:06.339+05:30  INFO 219407 --- [pg-finder] [           main] j.LocalContainerEntityManagerFactoryBean : Closing JPA EntityManagerFactory for persistence unit 'default'
2026-07-06T22:15:06.350+05:30  INFO 219407 --- [pg-finder] [           main] com.zaxxer.hikari.HikariDataSource       : HikariPool-1 - Shutdown initiated...
2026-07-06T22:15:06.457+05:30  INFO 219407 --- [pg-finder] [           main] com.zaxxer.hikari.HikariDataSource       : HikariPool-1 - Shutdown completed.
2026-07-06T22:15:06.491+05:30  INFO 219407 --- [pg-finder] [           main] .s.b.a.l.ConditionEvaluationReportLogger : 

Error starting ApplicationContext. To display the condition evaluation report re-run your application with 'debug' enabled.
2026-07-06T22:15:06.510+05:30 ERROR 219407 --- [pg-finder] [           main] o.s.b.d.LoggingFailureAnalysisReporter   : 

***************************
APPLICATION FAILED TO START
***************************

Description:

Web server failed to start. Port 8080 was already in use.

Action:

Identify and stop the process that's listening on port 8080 or configure this application to listen on another port.

[INFO] ------------------------------------------------------------------------
[INFO] BUILD FAILURE
[INFO] ------------------------------------------------------------------------
[INFO] Total time:  10.061 s
[INFO] Finished at: 2026-07-06T22:15:06+05:30
[INFO] ------------------------------------------------------------------------
[ERROR] Failed to execute goal org.springframework.boot:spring-boot-maven-plugin:3.4.5:run (default-cli) on project pg-finder-backend: Process terminated with exit code: 1 -> [Help 1]
[ERROR] 
[ERROR] To see the full stack trace of the errors, re-run Maven with the -e switch.
[ERROR] Re-run Maven using the -X switch to enable full debug logging.
[ERROR] 
[ERROR] For more information about the errors and possible solutions, please read the following articles:
[ERROR] [Help 1] http://cwiki.apache.org/confluence/display/MAVEN/MojoExecutionException
